# JRE version: OpenJDK Runtime Environment (8.0_152-b01) (build 1.8.0_152-release-915-b01)
# Java VM: OpenJDK 64-Bit Server VM (25.152-b01 mixed mode linux-amd64 compressed oops)
Heap:
 PSYoungGen      total 235008K, used 7648K [0x00000000e0000000, 0x00000000ef780000, 0x0000000100000000)
  eden space 216576K, 0% used [0x00000000e0000000,0x00000000e0000000,0x00000000ed380000)
  from space 18432K, 41% used [0x00000000ed380000,0x00000000edaf82f8,0x00000000ee580000)
  to   space 12800K, 0% used [0x00000000ee580000,0x00000000ee580000,0x00000000ef200000)
 ParOldGen       total 46592K, used 41807K [0x00000000a0000000, 0x00000000a2d80000, 0x00000000e0000000)
  object space 46592K, 89% used [0x00000000a0000000,0x00000000a28d3ca8,0x00000000a2d80000)
 Metaspace       used 56744K, capacity 58242K, committed 58624K, reserved 1099776K
  class space    used 7416K, capacity 7816K, committed 7936K, reserved 1048576K
GC Heap History (10 events):
Event: 8.187 GC heap after
Heap after GC invocations=10 (full 1):
 PSYoungGen      total 128000K, used 8172K [0x00000000e0000000, 0x00000000eb100000, 0x0000000100000000)
  eden space 119296K, 0% used [0x00000000e0000000,0x00000000e0000000,0x00000000e7480000)
  from space 8704K, 93% used [0x00000000e7480000,0x00000000e7c7b340,0x00000000e7d00000)
  to   space 9728K, 0% used [0x00000000ea780000,0x00000000ea780000,0x00000000eb100000)
 ParOldGen       total 33280K, used 10435K [0x00000000a0000000, 0x00000000a2080000, 0x00000000e0000000)
  object space 33280K, 31% used [0x00000000a0000000,0x00000000a0a30d88,0x00000000a2080000)
 Metaspace       used 29818K, capacity 30448K, committed 30720K, reserved 1075200K
  class space    used 4049K, capacity 4255K, committed 4352K, reserved 1048576K
}
Event: 9.277 GC heap before
{Heap before GC invocations=11 (full 1):
 PSYoungGen      total 128000K, used 78473K [0x00000000e0000000, 0x00000000eb100000, 0x0000000100000000)
  eden space 119296K, 58% used [0x00000000e0000000,0x00000000e44a74b0,0x00000000e7480000)
  from space 8704K, 93% used [0x00000000e7480000,0x00000000e7c7b340,0x00000000e7d00000)
  to   space 9728K, 0% used [0x00000000ea780000,0x00000000ea780000,0x00000000eb100000)
 ParOldGen       total 33280K, used 10435K [0x00000000a0000000, 0x00000000a2080000, 0x00000000e0000000)
  object space 33280K, 31% used [0x00000000a0000000,0x00000000a0a30d88,0x00000000a2080000)
 Metaspace       used 34642K, capacity 35216K, committed 35496K, reserved 1079296K
  class space    used 4657K, capacity 4815K, committed 4864K, reserved 1048576K
Event: 9.307 GC heap after
Heap after GC invocations=11 (full 1):
 PSYoungGen      total 170496K, used 8774K [0x00000000e0000000, 0x00000000ebd00000, 0x0000000100000000)
  eden space 160768K, 0% used [0x00000000e0000000,0x00000000e0000000,0x00000000e9d00000)
  from space 9728K, 90% used [0x00000000ea780000,0x00000000eb011a20,0x00000000eb100000)
  to   space 10752K, 0% used [0x00000000e9d00000,0x00000000e9d00000,0x00000000ea780000)
 ParOldGen       total 33280K, used 12779K [0x00000000a0000000, 0x00000000a2080000, 0x00000000e0000000)
  object space 33280K, 38% used [0x00000000a0000000,0x00000000a0c7ada8,0x00000000a2080000)
 Metaspace       used 34642K, capacity 35216K, committed 35496K, reserved 1079296K
  class space    used 4657K, capacity 4815K, committed 4864K, reserved 1048576K
}
Event: 9.308 GC heap before
{Heap before GC invocations=12 (full 2):
 PSYoungGen      total 170496K, used 8774K [0x00000000e0000000, 0x00000000ebd00000, 0x0000000100000000)
  eden space 160768K, 0% used [0x00000000e0000000,0x00000000e0000000,0x00000000e9d00000)
  from space 9728K, 90% used [0x00000000ea780000,0x00000000eb011a20,0x00000000eb100000)
  to   space 10752K, 0% used [0x00000000e9d00000,0x00000000e9d00000,0x00000000ea780000)
 ParOldGen       total 33280K, used 12779K [0x00000000a0000000, 0x00000000a2080000, 0x00000000e0000000)
  object space 33280K, 38% used [0x00000000a0000000,0x00000000a0c7ada8,0x00000000a2080000)
 Metaspace       used 34642K, capacity 35216K, committed 35496K, reserved 1079296K
  class space    used 4657K, capacity 4815K, committed 4864K, reserved 1048576K
Event: 9.502 GC heap after
Heap after GC invocations=12 (full 2):
 PSYoungGen      total 170496K, used 0K [0x00000000e0000000, 0x00000000ebd00000, 0x0000000100000000)
  eden space 160768K, 0% used [0x00000000e0000000,0x00000000e0000000,0x00000000e9d00000)
  from space 9728K, 0% used [0x00000000ea780000,0x00000000ea780000,0x00000000eb100000)
  to   space 10752K, 0% used [0x00000000e9d00000,0x00000000e9d00000,0x00000000ea780000)
 ParOldGen       total 46592K, used 17919K [0x00000000a0000000, 0x00000000a2d80000, 0x00000000e0000000)
  object space 46592K, 38% used [0x00000000a0000000,0x00000000a117fca0,0x00000000a2d80000)
 Metaspace       used 34642K, capacity 35216K, committed 35496K, reserved 1079296K
  class space    used 4657K, capacity 4815K, committed 4864K, reserved 1048576K
}
Event: 11.705 GC heap before
{Heap before GC invocations=13 (full 2):
 PSYoungGen      total 170496K, used 160768K [0x00000000e0000000, 0x00000000ebd00000, 0x0000000100000000)
  eden space 160768K, 100% used [0x00000000e0000000,0x00000000e9d00000,0x00000000e9d00000)
  from space 9728K, 0% used [0x00000000ea780000,0x00000000ea780000,0x00000000eb100000)
  to   space 10752K, 0% used [0x00000000e9d00000,0x00000000e9d00000,0x00000000ea780000)
 ParOldGen       total 46592K, used 17919K [0x00000000a0000000, 0x00000000a2d80000, 0x00000000e0000000)
  object space 46592K, 38% used [0x00000000a0000000,0x00000000a117fca0,0x00000000a2d80000)
 Metaspace       used 42306K, capacity 43166K, committed 43520K, reserved 1087488K
  class space    used 5627K, capacity 5856K, committed 5888K, reserved 1048576K
Event: 11.728 GC heap after
Heap after GC invocations=13 (full 2):
 PSYoungGen      total 171520K, used 10727K [0x00000000e0000000, 0x00000000ef200000, 0x0000000100000000)
  eden space 160768K, 0% used [0x00000000e0000000,0x00000000e0000000,0x00000000e9d00000)
  from space 10752K, 99% used [0x00000000e9d00000,0x00000000ea779f30,0x00000000ea780000)
  to   space 12800K, 0% used [0x00000000ee580000,0x00000000ee580000,0x00000000ef200000)
 ParOldGen       total 46592K, used 20158K [0x00000000a0000000, 0x00000000a2d80000, 0x00000000e0000000)
  object space 46592K, 43% used [0x00000000a0000000,0x00000000a13af940,0x00000000a2d80000)
 Metaspace       used 42306K, capacity 43166K, committed 43520K, reserved 1087488K
  class space    used 5627K, capacity 5856K, committed 5888K, reserved 1048576K
}
Event: 20.034 GC heap before
{Heap before GC invocations=14 (full 2):
 PSYoungGen      total 171520K, used 171495K [0x00000000e0000000, 0x00000000ef200000, 0x0000000100000000)
  eden space 160768K, 100% used [0x00000000e0000000,0x00000000e9d00000,0x00000000e9d00000)
  from space 10752K, 99% used [0x00000000e9d00000,0x00000000ea779f30,0x00000000ea780000)
  to   space 12800K, 0% used [0x00000000ee580000,0x00000000ee580000,0x00000000ef200000)
 ParOldGen       total 46592K, used 20158K [0x00000000a0000000, 0x00000000a2d80000, 0x00000000e0000000)
  object space 46592K, 43% used [0x00000000a0000000,0x00000000a13af940,0x00000000a2d80000)
 Metaspace       used 49640K, capacity 50954K, committed 51328K, reserved 1093632K
  class space    used 6610K, capacity 6956K, committed 7040K, reserved 1048576K
Event: 20.082 GC heap after
Heap after GC invocations=14 (full 2):
 PSYoungGen      total 229376K, used 12795K [0x00000000e0000000, 0x00000000ef780000, 0x0000000100000000)
  eden space 216576K, 0% used [0x00000000e0000000,0x00000000e0000000,0x00000000ed380000)
  from space 12800K, 99% used [0x00000000ee580000,0x00000000ef1fee48,0x00000000ef200000)
  to   space 18432K, 0% used [0x00000000ed380000,0x00000000ed380000,0x00000000ee580000)
 ParOldGen       total 46592K, used 30412K [0x00000000a0000000, 0x00000000a2d80000, 0x00000000e0000000)
  object space 46592K, 65% used [0x00000000a0000000,0x00000000a1db33f8,0x00000000a2d80000)
 Metaspace       used 49640K, capacity 50954K, committed 51328K, reserved 1093632K
  class space    used 6610K, capacity 6956K, committed 7040K, reserved 1048576K
}
Event: 51.806 GC heap before
{Heap before GC invocations=15 (full 2):
 PSYoungGen      total 229376K, used 229371K [0x00000000e0000000, 0x00000000ef780000, 0x0000000100000000)
  eden space 216576K, 100% used [0x00000000e0000000,0x00000000ed380000,0x00000000ed380000)
  from space 12800K, 99% used [0x00000000ee580000,0x00000000ef1fee48,0x00000000ef200000)
  to   space 18432K, 0% used [0x00000000ed380000,0x00000000ed380000,0x00000000ee580000)
 ParOldGen       total 46592K, used 30412K [0x00000000a0000000, 0x00000000a2d80000, 0x00000000e0000000)
  object space 46592K, 65% used [0x00000000a0000000,0x00000000a1db33f8,0x00000000a2d80000)
 Metaspace       used 56744K, capacity 58242K, committed 58624K, reserved 1099776K
  class space    used 7416K, capacity 7816K, committed 7936K, reserved 1048576K

