# JRE version: OpenJDK Runtime Environment (8.0_152-b01) (build 1.8.0_152-release-915-b01)
# Java VM: OpenJDK 64-Bit Server VM (25.152-b01 mixed mode linux-amd64 compressed oops)
Heap:
 PSYoungGen      total 224768K, used 17377K [0x00000000e0000000, 0x00000000eed80000, 0x0000000100000000)
  eden space 207360K, 0% used [0x00000000e0000000,0x00000000e0000000,0x00000000eca80000)
  from space 17408K, 99% used [0x00000000edc80000,0x00000000eed78648,0x00000000eed80000)
  to   space 17408K, 0% used [0x00000000eca80000,0x00000000eca80000,0x00000000edb80000)
 ParOldGen       total 48128K, used 41763K [0x00000000a0000000, 0x00000000a2f00000, 0x00000000e0000000)
  object space 48128K, 86% used [0x00000000a0000000,0x00000000a28c8f28,0x00000000a2f00000)
 Metaspace       used 57873K, capacity 59426K, committed 59648K, reserved 1101824K
  class space    used 7456K, capacity 7815K, committed 7936K, reserved 1048576K
GC Heap History (10 events):
Event: 8.207 GC heap after
Heap after GC invocations=12 (full 2):
 PSYoungGen      total 166400K, used 0K [0x00000000e0000000, 0x00000000ebb00000, 0x0000000100000000)
  eden space 156672K, 0% used [0x00000000e0000000,0x00000000e0000000,0x00000000e9900000)
  from space 9728K, 0% used [0x00000000ea380000,0x00000000ea380000,0x00000000ead00000)
  to   space 10752K, 0% used [0x00000000e9900000,0x00000000e9900000,0x00000000ea380000)
 ParOldGen       total 48128K, used 18048K [0x00000000a0000000, 0x00000000a2f00000, 0x00000000e0000000)
  object space 48128K, 37% used [0x00000000a0000000,0x00000000a11a0330,0x00000000a2f00000)
 Metaspace       used 34660K, capacity 35252K, committed 35496K, reserved 1079296K
  class space    used 4652K, capacity 4847K, committed 4864K, reserved 1048576K
}
Event: 10.978 GC heap before
{Heap before GC invocations=13 (full 2):
 PSYoungGen      total 166400K, used 156672K [0x00000000e0000000, 0x00000000ebb00000, 0x0000000100000000)
  eden space 156672K, 100% used [0x00000000e0000000,0x00000000e9900000,0x00000000e9900000)
  from space 9728K, 0% used [0x00000000ea380000,0x00000000ea380000,0x00000000ead00000)
  to   space 10752K, 0% used [0x00000000e9900000,0x00000000e9900000,0x00000000ea380000)
 ParOldGen       total 48128K, used 18048K [0x00000000a0000000, 0x00000000a2f00000, 0x00000000e0000000)
  object space 48128K, 37% used [0x00000000a0000000,0x00000000a11a0330,0x00000000a2f00000)
 Metaspace       used 42368K, capacity 43272K, committed 43648K, reserved 1087488K
  class space    used 5630K, capacity 5890K, committed 6016K, reserved 1048576K
Event: 11.008 GC heap after
Heap after GC invocations=13 (full 2):
 PSYoungGen      total 167424K, used 10733K [0x00000000e0000000, 0x00000000ee800000, 0x0000000100000000)
  eden space 156672K, 0% used [0x00000000e0000000,0x00000000e0000000,0x00000000e9900000)
  from space 10752K, 99% used [0x00000000e9900000,0x00000000ea37b798,0x00000000ea380000)
  to   space 12800K, 0% used [0x00000000edb80000,0x00000000edb80000,0x00000000ee800000)
 ParOldGen       total 48128K, used 19575K [0x00000000a0000000, 0x00000000a2f00000, 0x00000000e0000000)
  object space 48128K, 40% used [0x00000000a0000000,0x00000000a131df88,0x00000000a2f00000)
 Metaspace       used 42368K, capacity 43272K, committed 43648K, reserved 1087488K
  class space    used 5630K, capacity 5890K, committed 6016K, reserved 1048576K
}
Event: 13.381 GC heap before
{Heap before GC invocations=14 (full 2):
 PSYoungGen      total 167424K, used 167405K [0x00000000e0000000, 0x00000000ee800000, 0x0000000100000000)
  eden space 156672K, 100% used [0x00000000e0000000,0x00000000e9900000,0x00000000e9900000)
  from space 10752K, 99% used [0x00000000e9900000,0x00000000ea37b798,0x00000000ea380000)
  to   space 12800K, 0% used [0x00000000edb80000,0x00000000edb80000,0x00000000ee800000)
 ParOldGen       total 48128K, used 19575K [0x00000000a0000000, 0x00000000a2f00000, 0x00000000e0000000)
  object space 48128K, 40% used [0x00000000a0000000,0x00000000a131df88,0x00000000a2f00000)
 Metaspace       used 47137K, capacity 48298K, committed 48384K, reserved 1091584K
  class space    used 6305K, capacity 6617K, committed 6656K, reserved 1048576K
Event: 13.436 GC heap after
Heap after GC invocations=14 (full 2):
 PSYoungGen      total 220160K, used 12768K [0x00000000e0000000, 0x00000000eed80000, 0x0000000100000000)
  eden space 207360K, 0% used [0x00000000e0000000,0x00000000e0000000,0x00000000eca80000)
  from space 12800K, 99% used [0x00000000edb80000,0x00000000ee7f80a0,0x00000000ee800000)
  to   space 17408K, 0% used [0x00000000eca80000,0x00000000eca80000,0x00000000edb80000)
 ParOldGen       total 48128K, used 27152K [0x00000000a0000000, 0x00000000a2f00000, 0x00000000e0000000)
  object space 48128K, 56% used [0x00000000a0000000,0x00000000a1a840c0,0x00000000a2f00000)
 Metaspace       used 47137K, capacity 48298K, committed 48384K, reserved 1091584K
  class space    used 6305K, capacity 6617K, committed 6656K, reserved 1048576K
}
Event: 16.978 GC heap before
{Heap before GC invocations=15 (full 2):
 PSYoungGen      total 220160K, used 194848K [0x00000000e0000000, 0x00000000eed80000, 0x0000000100000000)
  eden space 207360K, 87% used [0x00000000e0000000,0x00000000eb1d0268,0x00000000eca80000)
  from space 12800K, 99% used [0x00000000edb80000,0x00000000ee7f80a0,0x00000000ee800000)
  to   space 17408K, 0% used [0x00000000eca80000,0x00000000eca80000,0x00000000edb80000)
 ParOldGen       total 48128K, used 27152K [0x00000000a0000000, 0x00000000a2f00000, 0x00000000e0000000)
  object space 48128K, 56% used [0x00000000a0000000,0x00000000a1a840c0,0x00000000a2f00000)
 Metaspace       used 56620K, capacity 58004K, committed 58240K, reserved 1099776K
  class space    used 7379K, capacity 7742K, committed 7808K, reserved 1048576K
Event: 17.031 GC heap after
Heap after GC invocations=15 (full 2):
 PSYoungGen      total 224768K, used 10267K [0x00000000e0000000, 0x00000000eed80000, 0x0000000100000000)
  eden space 207360K, 0% used [0x00000000e0000000,0x00000000e0000000,0x00000000eca80000)
  from space 17408K, 58% used [0x00000000eca80000,0x00000000ed486f08,0x00000000edb80000)
  to   space 17408K, 0% used [0x00000000edc80000,0x00000000edc80000,0x00000000eed80000)
 ParOldGen       total 48128K, used 36222K [0x00000000a0000000, 0x00000000a2f00000, 0x00000000e0000000)
  object space 48128K, 75% used [0x00000000a0000000,0x00000000a235f970,0x00000000a2f00000)
 Metaspace       used 56620K, capacity 58004K, committed 58240K, reserved 1099776K
  class space    used 7379K, capacity 7742K, committed 7808K, reserved 1048576K
}
Event: 17.031 GC heap before
{Heap before GC invocations=16 (full 3):
 PSYoungGen      total 224768K, used 10267K [0x00000000e0000000, 0x00000000eed80000, 0x0000000100000000)
  eden space 207360K, 0% used [0x00000000e0000000,0x00000000e0000000,0x00000000eca80000)
  from space 17408K, 58% used [0x00000000eca80000,0x00000000ed486f08,0x00000000edb80000)
  to   space 17408K, 0% used [0x00000000edc80000,0x00000000edc80000,0x00000000eed80000)
 ParOldGen       total 48128K, used 36222K [0x00000000a0000000, 0x00000000a2f00000, 0x00000000e0000000)
  object space 48128K, 75% used [0x00000000a0000000,0x00000000a235f970,0x00000000a2f00000)
 Metaspace       used 56620K, capacity 58004K, committed 58240K, reserved 1099776K
  class space    used 7379K, capacity 7742K, committed 7808K, reserved 1048576K
Event: 17.405 GC heap after
Heap after GC invocations=16 (full 3):
 PSYoungGen      total 224768K, used 0K [0x00000000e0000000, 0x00000000eed80000, 0x0000000100000000)
  eden space 207360K, 0% used [0x00000000e0000000,0x00000000e0000000,0x00000000eca80000)
  from space 17408K, 0% used [0x00000000eca80000,0x00000000eca80000,0x00000000edb80000)
  to   space 17408K, 0% used [0x00000000edc80000,0x00000000edc80000,0x00000000eed80000)
 ParOldGen       total 48128K, used 38638K [0x00000000a0000000, 0x00000000a2f00000, 0x00000000e0000000)
  object space 48128K, 80% used [0x00000000a0000000,0x00000000a25bb9b0,0x00000000a2f00000)
 Metaspace       used 56620K, capacity 58004K, committed 58240K, reserved 1099776K
  class space    used 7379K, capacity 7742K, committed 7808K, reserved 1048576K
}
Event: 51.083 GC heap before
{Heap before GC invocations=17 (full 3):
 PSYoungGen      total 224768K, used 207360K [0x00000000e0000000, 0x00000000eed80000, 0x0000000100000000)
  eden space 207360K, 100% used [0x00000000e0000000,0x00000000eca80000,0x00000000eca80000)
  from space 17408K, 0% used [0x00000000eca80000,0x00000000eca80000,0x00000000edb80000)
  to   space 17408K, 0% used [0x00000000edc80000,0x00000000edc80000,0x00000000eed80000)
 ParOldGen       total 48128K, used 38638K [0x00000000a0000000, 0x00000000a2f00000, 0x00000000e0000000)
  object space 48128K, 80% used [0x00000000a0000000,0x00000000a25bb9b0,0x00000000a2f00000)
 Metaspace       used 57873K, capacity 59426K, committed 59648K, reserved 1101824K
  class space    used 7456K, capacity 7815K, committed 7936K, reserved 1048576K

